18:44:14.263 [TestNG-tests-3] INFO  resources.Base - Successful validating Practice page
18:47:36.181 [TestNG-tests-1] INFO  resources.Base - Initializing Driver
18:47:40.407 [TestNG-tests-2] INFO  resources.Base - Successful display of Navigation bar
18:47:42.985 [TestNG-tests-1] INFO  resources.Base - Successful entry of login details
18:47:44.820 [TestNG-tests-4] INFO  resources.Base - Successful validation of the Title
18:47:45.463 [TestNG-tests-1] INFO  resources.Base - Initializing Driver
18:47:51.069 [TestNG-tests-1] INFO  resources.Base - Successful entry of login details
18:47:52.311 [TestNG-tests-3] INFO  resources.Base - Successful click on Practice
17:00:30.641 [main] INFO  resources.Base - Initializing Driver
17:00:36.161 [main] INFO  resources.Base - Successful entry of login details
17:00:37.935 [main] INFO  resources.Base - Initializing Driver
17:00:43.838 [main] INFO  resources.Base - Successful entry of login details
17:00:50.545 [main] INFO  resources.Base - Successful display of Navigation bar
17:01:02.059 [main] INFO  resources.Base - Successful click on Practice
17:01:08.598 [main] INFO  resources.Base - Successful validating Practice page
17:01:13.299 [main] INFO  resources.Base - Successful validation of the Title
17:16:44.774 [main] INFO  resources.Base - Initializing Driver
17:16:50.323 [main] INFO  resources.Base - Successful entry of login details
17:16:52.068 [main] INFO  resources.Base - Initializing Driver
17:16:57.203 [main] INFO  resources.Base - Successful entry of login details
